This file contains any messages produced by compilers while
running configure, to aid debugging if configure makes a mistake.

It was created by configure, which was
generated by GNU Autoconf 2.52.  Invocation command line was

  $ ./configure 

## ---------- ##
## Platform.  ##
## ---------- ##

hostname = mks-MacBook-Pro.local
uname -m = x86_64
uname -r = 14.0.0
uname -s = Darwin
uname -v = Darwin Kernel Version 14.0.0: Tue Sep 23 23:01:41 PDT 2014; root:xnu-2782.1.97~6/RELEASE_X86_64

/usr/bin/uname -p = i386
/bin/uname -X     = unknown

/bin/arch              = unknown
/usr/bin/arch -k       = unknown
/usr/convex/getsysinfo = unknown
hostinfo               = Mach kernel version:
	 Darwin Kernel Version 14.0.0: Tue Sep 23 23:01:41 PDT 2014; root:xnu-2782.1.97~6/RELEASE_X86_64
Kernel configured for up to 4 processors.
2 processors are physically available.
4 processors are logically available.
Processor type: i486 (Intel 80486)
Processors active: 0 1 2 3
Primary memory available: 8.00 gigabytes
Default processor set: 262 tasks, 1186 threads, 4 processors
Load average: 0.85, Mach factor: 3.14
/bin/machine           = unknown
/usr/bin/oslevel       = unknown
/bin/universe          = unknown

PATH = /Users/mk/.rvm/gems/ruby-1.9.2-p320/bin:/Users/mk/.rvm/gems/ruby-1.9.2-p320@global/bin:/Users/mk/.rvm/rubies/ruby-1.9.2-p320/bin:/usr/bin:/bin:/usr/sbin:/sbin:/usr/local/bin:/Users/mk/apps/stackato306:/Users/mk/.rvm/bin

## ------------ ##
## Core tests.  ##
## ------------ ##

configure:1128: PATH=".;."; conftest.sh
./configure: line 1129: conftest.sh: command not found
configure:1131: $? = 127
configure:1180: checking for a BSD compatible install
configure:1229: result: /usr/bin/install -c
configure:1240: checking whether build environment is sane
configure:1283: result: yes
configure:1316: checking for mawk
configure:1342: result: no
configure:1316: checking for gawk
configure:1342: result: no
configure:1316: checking for nawk
configure:1342: result: no
configure:1316: checking for awk
configure:1331: found /usr/bin/awk
configure:1339: result: awk
configure:1349: checking whether make sets ${MAKE}
configure:1369: result: yes
configure:1468: checking for style of include used by make
configure:1495: result: GNU
configure:1542: checking for gcc
configure:1557: found /usr/bin/gcc
configure:1565: result: gcc
configure:1793: checking for C compiler version
configure:1796: gcc --version </dev/null >&5
Configured with: --prefix=/Library/Developer/CommandLineTools/usr --with-gxx-include-dir=/usr/include/c++/4.2.1
Apple LLVM version 6.0 (clang-600.0.54) (based on LLVM 3.5svn)
Target: x86_64-apple-darwin14.0.0
Thread model: posix
configure:1799: $? = 0
configure:1801: gcc -v </dev/null >&5
Configured with: --prefix=/Library/Developer/CommandLineTools/usr --with-gxx-include-dir=/usr/include/c++/4.2.1
Apple LLVM version 6.0 (clang-600.0.54) (based on LLVM 3.5svn)
Target: x86_64-apple-darwin14.0.0
Thread model: posix
configure:1804: $? = 0
configure:1806: gcc -V </dev/null >&5
clang: error: argument to '-V' is missing (expected 1 value)
clang: error: no input files
configure:1809: $? = 1
configure:1829: checking for C compiler default output
configure:1832: gcc    conftest.c  >&5
configure:1835: $? = 0
configure:1864: result: a.out
configure:1869: checking whether the C compiler works
configure:1875: ./a.out
configure:1878: $? = 0
configure:1893: result: yes
configure:1900: checking whether we are cross compiling
configure:1902: result: no
configure:1905: checking for executable suffix
configure:1907: gcc -o conftest    conftest.c  >&5
configure:1910: $? = 0
configure:1932: result: 
configure:1938: checking for object suffix
configure:1956: gcc -c   conftest.c >&5
configure:1959: $? = 0
configure:1978: result: o
configure:1982: checking whether we are using the GNU C compiler
configure:2003: gcc -c   conftest.c >&5
configure:2006: $? = 0
configure:2009: test -s conftest.o
configure:2012: $? = 0
configure:2024: result: yes
configure:2030: checking whether gcc accepts -g
configure:2048: gcc -c -g  conftest.c >&5
configure:2051: $? = 0
configure:2054: test -s conftest.o
configure:2057: $? = 0
configure:2067: result: yes
configure:2094: gcc -c -g -O2  conftest.c >&5
conftest.c:2:3: error: unknown type name 'choke'
  choke me
  ^
conftest.c:2:11: error: expected ';' after top level declarator
  choke me
          ^
          ;
2 errors generated.
configure:2097: $? = 1
configure: failed program was:
#ifndef __cplusplus
  choke me
#endif
configure:2197: checking dependency style of gcc
configure:2259: result: none
configure:2268: checking how to run the C preprocessor
configure:2294: gcc -E  conftest.c
configure:2300: $? = 0
configure:2327: gcc -E  conftest.c
configure:2324:10: fatal error: 'ac_nonexistent.h' file not found
#include <ac_nonexistent.h>
         ^
1 error generated.
configure:2333: $? = 1
configure: failed program was:
#line 2323 "configure"
#include "confdefs.h"
#include <ac_nonexistent.h>
configure:2370: result: gcc -E
configure:2385: gcc -E  conftest.c
configure:2391: $? = 0
configure:2418: gcc -E  conftest.c
configure:2415:10: fatal error: 'ac_nonexistent.h' file not found
#include <ac_nonexistent.h>
         ^
1 error generated.
configure:2424: $? = 1
configure: failed program was:
#line 2414 "configure"
#include "confdefs.h"
#include <ac_nonexistent.h>
configure:2463: checking for AIX
configure:2482: result: no
configure:2559: checking build system type
configure:2577: result: i386-apple-darwin14.0.0
configure:2584: checking host system type
configure:2598: result: i386-apple-darwin14.0.0
configure:2626: checking for ld used by GCC
configure:2689: result: /Library/Developer/CommandLineTools/usr/bin/ld
configure:2698: checking if the linker (/Library/Developer/CommandLineTools/usr/bin/ld) is GNU ld
configure:2710: result: no
configure:2714: checking for /Library/Developer/CommandLineTools/usr/bin/ld option to reload object files
configure:2721: result: -r
configure:2726: checking for BSD-compatible nm
configure:2762: result: /usr/bin/nm
configure:2765: checking whether ln -s works
configure:2769: result: yes
configure:2776: checking how to recognise dependant libraries
configure:2954: result: file_magic Mach-O dynamically linked shared library
configure:2960: checking command to parse /usr/bin/nm output
configure:3041: gcc -c -g -O2  conftest.c >&5
configure:3044: $? = 0
configure:3048: /usr/bin/nm conftest.o \| sed -n -e 's/^.*[ 	]\([BCDEGRST][BCDEGRST]*\)[ 	][ 	]*\(\)\([_A-Za-z][_A-Za-z0-9]*\)$/\1 \2\3 \3/p' \> conftest.nm
configure:3051: $? = 0
cannot find nm_test_var in conftest.nm
configure:3041: gcc -c -g -O2  conftest.c >&5
configure:3044: $? = 0
configure:3048: /usr/bin/nm conftest.o \| sed -n -e 's/^.*[ 	]\([BCDEGRST][BCDEGRST]*\)[ 	][ 	]*\(_\)\([_A-Za-z][_A-Za-z0-9]*\)$/\1 \2\3 \3/p' \> conftest.nm
configure:3051: $? = 0
configure:3103: gcc -o conftest -g -O2   conftest.c conftstm.o >&5
configure:3106: $? = 0
configure:3150: result: ok
configure:3157: checking for dlfcn.h
configure:3167: gcc -E  conftest.c
configure:3173: $? = 0
configure:3192: result: yes
configure:3379: checking for ranlib
configure:3394: found /usr/bin/ranlib
configure:3403: result: ranlib
configure:3453: checking for strip
configure:3468: found /usr/bin/strip
configure:3477: result: strip
configure:3679: checking for objdir
configure:3690: result: .libs
configure:3705: checking for gcc option to produce PIC
configure:3855: result: -fno-common
configure:3859: checking if gcc PIC flag -fno-common works
configure:3879: gcc -c -g -O2 -fno-common -DPIC  conftest.c >&5
configure:3882: $? = 0
configure:3885: test -s conftest.o
configure:3888: $? = 0
configure:3924: result: yes
configure:3940: checking if gcc static flag -static works
configure:3961: gcc -o conftest -g -O2   -static conftest.c  >&5
ld: library not found for -lcrt0.o
clang: error: linker command failed with exit code 1 (use -v to see invocation)
configure:3964: $? = 1
configure: failed program was:
#line 3949 "configure"
#include "confdefs.h"

int
main ()
{

  ;
  return 0;
}
configure:3984: result: no
configure:3995: checking if gcc supports -c -o file.o
configure:4015: gcc -c -g -O2 -o out/conftest2.o  conftest.c >&5
configure:4039: result: yes
configure:4044: checking if gcc supports -c -o file.lo
configure:4068: gcc -c -g -O2 -c -o conftest.lo  conftest.c >&5
configure:4071: $? = 0
configure:4074: test -s conftest.lo
configure:4077: $? = 0
configure:4098: result: yes
configure:4129: checking if gcc supports -fno-rtti -fno-exceptions
configure:4148: gcc -c -g -O2 -fno-rtti -fno-exceptions -c conftest.c  conftest.c >&5
configure:4151: $? = 0
configure:4154: test -s conftest.o
configure:4157: $? = 0
configure:4173: result: yes
configure:4184: checking whether the linker (/Library/Developer/CommandLineTools/usr/bin/ld) supports shared libraries
configure:4864: result: yes
configure:4869: checking how to hardcode library paths into programs
configure:4893: result: unsupported
configure:4898: checking whether stripping libraries is possible
configure:4906: result: no
configure:4914: checking dynamic linker characteristics
configure:5307: result: darwin14.0.0 dyld
configure:5312: checking if libtool supports shared libraries
configure:5314: result: yes
configure:5317: checking whether to build shared libraries
configure:5338: result: yes
configure:5341: checking whether to build static libraries
configure:5345: result: yes
configure:6614: checking for gcc
configure:6637: result: gcc
configure:6865: checking for C compiler version
configure:6868: gcc --version </dev/null >&5
Configured with: --prefix=/Library/Developer/CommandLineTools/usr --with-gxx-include-dir=/usr/include/c++/4.2.1
Apple LLVM version 6.0 (clang-600.0.54) (based on LLVM 3.5svn)
Target: x86_64-apple-darwin14.0.0
Thread model: posix
configure:6871: $? = 0
configure:6873: gcc -v </dev/null >&5
Configured with: --prefix=/Library/Developer/CommandLineTools/usr --with-gxx-include-dir=/usr/include/c++/4.2.1
Apple LLVM version 6.0 (clang-600.0.54) (based on LLVM 3.5svn)
Target: x86_64-apple-darwin14.0.0
Thread model: posix
configure:6876: $? = 0
configure:6878: gcc -V </dev/null >&5
clang: error: argument to '-V' is missing (expected 1 value)
clang: error: no input files
configure:6881: $? = 1
configure:6884: checking whether we are using the GNU C compiler
configure:6926: result: yes
configure:6932: checking whether gcc accepts -g
configure:6969: result: yes
configure:6996: gcc -c -g -O2  conftest.c >&5
conftest.c:2:3: error: unknown type name 'choke'
  choke me
  ^
conftest.c:2:11: error: expected ';' after top level declarator
  choke me
          ^
          ;
2 errors generated.
configure:6999: $? = 1
configure: failed program was:
#ifndef __cplusplus
  choke me
#endif
configure:7099: checking dependency style of gcc
configure:7161: result: none
configure:7165: checking for a POSIX-compliant shell
configure:7201: result: /bin/sh
configure:7222: checking whether make sets ${MAKE}
configure:7242: result: yes
configure:7263: checking for a BSD compatible install
configure:7312: result: /usr/bin/install -c
configure:7338: result: checking for debugging level... zero
configure:7355: result: checking for ssl support... no
configure:7368: checking for off/include/openssl/opensslv.h
configure:7378: gcc -E  conftest.c
configure:7375:10: fatal error: 'off/include/openssl/opensslv.h' file not found
#include <off/include/openssl/opensslv.h>
         ^
1 error generated.
configure:7384: $? = 1
configure: failed program was:
#line 7374 "configure"
#include "confdefs.h"
#include <off/include/openssl/opensslv.h>
configure:7403: result: no
configure:7414: checking for /usr/include/openssl/opensslv.h
configure:7424: gcc -E  conftest.c
configure:7430: $? = 0
configure:7449: result: yes
configure:7414: checking for /usr/local/include/openssl/opensslv.h
configure:7424: gcc -E  conftest.c
configure:7421:10: fatal error: '/usr/local/include/openssl/opensslv.h' file not found
#include </usr/local/include/openssl/opensslv.h>
         ^
1 error generated.
configure:7430: $? = 1
configure: failed program was:
#line 7420 "configure"
#include "confdefs.h"
#include </usr/local/include/openssl/opensslv.h>
configure:7449: result: no
configure:7414: checking for /usr/local/ssl/include/openssl/opensslv.h
configure:7424: gcc -E  conftest.c
configure:7421:10: fatal error: '/usr/local/ssl/include/openssl/opensslv.h' file not found
#include </usr/local/ssl/include/openssl/opensslv.h>
         ^
1 error generated.
configure:7430: $? = 1
configure: failed program was:
#line 7420 "configure"
#include "confdefs.h"
#include </usr/local/ssl/include/openssl/opensslv.h>
configure:7449: result: no
configure:7414: checking for /usr/pkg/include/openssl/opensslv.h
configure:7424: gcc -E  conftest.c
configure:7421:10: fatal error: '/usr/pkg/include/openssl/opensslv.h' file not found
#include </usr/pkg/include/openssl/opensslv.h>
         ^
1 error generated.
configure:7430: $? = 1
configure: failed program was:
#line 7420 "configure"
#include "confdefs.h"
#include </usr/pkg/include/openssl/opensslv.h>
configure:7449: result: no
configure:7414: checking for /usr/lib/ssl/include/openssl/opensslv.h
configure:7424: gcc -E  conftest.c
configure:7421:10: fatal error: '/usr/lib/ssl/include/openssl/opensslv.h' file not found
#include </usr/lib/ssl/include/openssl/opensslv.h>
         ^
1 error generated.
configure:7430: $? = 1
configure: failed program was:
#line 7420 "configure"
#include "confdefs.h"
#include </usr/lib/ssl/include/openssl/opensslv.h>
configure:7449: result: no
configure:7414: checking for /usr/include/ssl/include/openssl/opensslv.h
configure:7424: gcc -E  conftest.c
configure:7421:10: fatal error: '/usr/include/ssl/include/openssl/opensslv.h' file not found
#include </usr/include/ssl/include/openssl/opensslv.h>
         ^
1 error generated.
configure:7430: $? = 1
configure: failed program was:
#line 7420 "configure"
#include "confdefs.h"
#include </usr/include/ssl/include/openssl/opensslv.h>
configure:7449: result: no
configure:7414: checking for /usr/include/include/openssl/opensslv.h
configure:7424: gcc -E  conftest.c
configure:7421:10: fatal error: '/usr/include/include/openssl/opensslv.h' file not found
#include </usr/include/include/openssl/opensslv.h>
         ^
1 error generated.
configure:7430: $? = 1
configure: failed program was:
#line 7420 "configure"
#include "confdefs.h"
#include </usr/include/include/openssl/opensslv.h>
configure:7449: result: no
configure:7481: checking for ANSI C header files
configure:7495: gcc -E  conftest.c
configure:7501: $? = 0
configure:7588: gcc -o conftest -g -O2   conftest.c  >&5
configure:7580:7: warning: implicitly declaring library function 'exit' with type 'void (int) __attribute__((noreturn))'
      exit(2);
      ^
configure:7580:7: note: please include the header <stdlib.h> or explicitly provide a declaration for 'exit'
1 warning generated.
configure:7591: $? = 0
configure:7593: ./conftest
configure:7596: $? = 0
configure:7609: result: yes
configure:7619: checking for sys/wait.h that is POSIX.1 compatible
configure:7647: gcc -c -g -O2  conftest.c >&5
configure:7650: $? = 0
configure:7653: test -s conftest.o
configure:7656: $? = 0
configure:7666: result: yes
configure:7679: checking for fcntl.h
configure:7689: gcc -E  conftest.c
configure:7695: $? = 0
configure:7714: result: yes
configure:7679: checking for unistd.h
configure:7689: gcc -E  conftest.c
configure:7695: $? = 0
configure:7714: result: yes
configure:7727: checking for signal.h
configure:7737: gcc -E  conftest.c
configure:7743: $? = 0
configure:7762: result: yes
configure:7775: checking for stdarg.h
configure:7785: gcc -E  conftest.c
configure:7791: $? = 0
configure:7810: result: yes
configure:7823: checking for setjmp.h
configure:7833: gcc -E  conftest.c
configure:7839: $? = 0
configure:7858: result: yes
configure:7871: checking for sys/socket.h
configure:7881: gcc -E  conftest.c
configure:7887: $? = 0
configure:7906: result: yes
configure:7919: checking for sys/select.h
configure:7929: gcc -E  conftest.c
configure:7935: $? = 0
configure:7954: result: yes
configure:7967: checking for netdb.h
configure:7977: gcc -E  conftest.c
configure:7983: $? = 0
configure:8002: result: yes
configure:8015: checking for sys/time.h
configure:8025: gcc -E  conftest.c
configure:8031: $? = 0
configure:8050: result: yes
configure:8015: checking for sys/times.h
configure:8025: gcc -E  conftest.c
configure:8031: $? = 0
configure:8050: result: yes
configure:8063: checking for sys/types.h
configure:8073: gcc -E  conftest.c
configure:8079: $? = 0
configure:8098: result: yes
configure:8111: checking for sys/resource.h
configure:8121: gcc -E  conftest.c
configure:8127: $? = 0
configure:8146: result: yes
configure:8159: checking for sys/ipc.h
configure:8169: gcc -E  conftest.c
configure:8175: $? = 0
configure:8194: result: yes
configure:8207: checking for errno.h
configure:8217: gcc -E  conftest.c
configure:8223: $? = 0
configure:8242: result: yes
configure:8255: checking for arpa/inet.h
configure:8265: gcc -E  conftest.c
configure:8271: $? = 0
configure:8290: result: yes
configure:8255: checking for netinet/in.h
configure:8265: gcc -E  conftest.c
configure:8271: $? = 0
configure:8290: result: yes
configure:8255: checking for netdb.h
configure:8290: result: yes
configure:8300: checking for gcc option to accept ANSI C
configure:8357: gcc  -c -g -O2  conftest.c >&5
configure:8360: $? = 0
configure:8363: test -s conftest.o
configure:8366: $? = 0
configure:8383: result: none needed
configure:8391: checking for an ANSI C-conforming const
configure:8455: gcc -c -g -O2  conftest.c >&5
configure:8458: $? = 0
configure:8461: test -s conftest.o
configure:8464: $? = 0
configure:8474: result: yes
configure:8490: checking for sys/types.h
configure:8521: result: yes
configure:8490: checking for sys/stat.h
configure:8502: gcc -c -g -O2  conftest.c >&5
configure:8505: $? = 0
configure:8508: test -s conftest.o
configure:8511: $? = 0
configure:8521: result: yes
configure:8490: checking for stdlib.h
configure:8502: gcc -c -g -O2  conftest.c >&5
configure:8505: $? = 0
configure:8508: test -s conftest.o
configure:8511: $? = 0
configure:8521: result: yes
configure:8490: checking for string.h
configure:8502: gcc -c -g -O2  conftest.c >&5
configure:8505: $? = 0
configure:8508: test -s conftest.o
configure:8511: $? = 0
configure:8521: result: yes
configure:8490: checking for memory.h
configure:8502: gcc -c -g -O2  conftest.c >&5
configure:8505: $? = 0
configure:8508: test -s conftest.o
configure:8511: $? = 0
configure:8521: result: yes
configure:8490: checking for strings.h
configure:8502: gcc -c -g -O2  conftest.c >&5
configure:8505: $? = 0
configure:8508: test -s conftest.o
configure:8511: $? = 0
configure:8521: result: yes
configure:8490: checking for inttypes.h
configure:8502: gcc -c -g -O2  conftest.c >&5
configure:8505: $? = 0
configure:8508: test -s conftest.o
configure:8511: $? = 0
configure:8521: result: yes
configure:8490: checking for stdint.h
configure:8502: gcc -c -g -O2  conftest.c >&5
configure:8505: $? = 0
configure:8508: test -s conftest.o
configure:8511: $? = 0
configure:8521: result: yes
configure:8490: checking for unistd.h
configure:8521: result: yes
configure:8531: checking for size_t
configure:8552: gcc -c -g -O2  conftest.c >&5
configure:8555: $? = 0
configure:8558: test -s conftest.o
configure:8561: $? = 0
configure:8571: result: yes
configure:8583: checking whether time.h and sys/time.h may both be included
configure:8605: gcc -c -g -O2  conftest.c >&5
configure:8608: $? = 0
configure:8611: test -s conftest.o
configure:8614: $? = 0
configure:8624: result: yes
configure:8634: checking return type of signal handlers
configure:8662: gcc -c -g -O2  conftest.c >&5
configure:8665: $? = 0
configure:8668: test -s conftest.o
configure:8671: $? = 0
configure:8681: result: void
configure:8690: checking for working alloca.h
configure:8708: gcc -o conftest -g -O2   conftest.c  >&5
configure:8711: $? = 0
configure:8714: test -s conftest
configure:8717: $? = 0
configure:8727: result: yes
configure:8737: checking for alloca
configure:8775: gcc -o conftest -g -O2   conftest.c  >&5
configure:8778: $? = 0
configure:8781: test -s conftest
configure:8784: $? = 0
configure:8794: result: yes
configure:8975: checking whether setpgrp takes no argument
configure:9003: gcc -o conftest -g -O2   conftest.c  >&5
configure:8996:3: warning: implicitly declaring library function 'exit' with type 'void (int) __attribute__((noreturn))'
  exit (setpgrp (1,1) == -1);
  ^
configure:8996:3: note: please include the header <stdlib.h> or explicitly provide a declaration for 'exit'
configure:8996:18: error: too many arguments to function call, expected 0, have 2
  exit (setpgrp (1,1) == -1);
        ~~~~~~~  ^~~
/usr/include/unistd.h:586:1: note: 'setpgrp' declared here
pid_t    setpgrp(void) __DARWIN_ALIAS(setpgrp);
^
1 warning and 1 error generated.
configure:9006: $? = 1
configure: program exited with status 1
configure: failed program was:
#line 8986 "configure"
#include "confdefs.h"
#if HAVE_UNISTD_H
# include <unistd.h>
#endif

int
main ()
{
/* If this system has a BSD-style setpgrp, which takes arguments, exit
   successfully.  */
  exit (setpgrp (1,1) == -1);
  ;
  return 0;
}
configure:9023: result: yes
configure:9036: checking for strchr
configure:9073: gcc -o conftest -g -O2   conftest.c  >&5
configure:9052:6: warning: incompatible redeclaration of library function 'strchr' [-Wincompatible-library-redeclaration]
char strchr ();
     ^
configure:9052:6: note: 'strchr' is a builtin with type 'char *(const char *, int)'
1 warning generated.
configure:9076: $? = 0
configure:9079: test -s conftest
configure:9082: $? = 0
configure:9092: result: yes
configure:9036: checking for memcpy
configure:9073: gcc -o conftest -g -O2   conftest.c  >&5
configure:9052:6: warning: incompatible redeclaration of library function 'memcpy' [-Wincompatible-library-redeclaration]
char memcpy ();
     ^
configure:9052:6: note: 'memcpy' is a builtin with type 'void *(void *, const void *, unsigned long)'
1 warning generated.
configure:9076: $? = 0
configure:9079: test -s conftest
configure:9082: $? = 0
configure:9092: result: yes
configure:9036: checking for strstr
configure:9073: gcc -o conftest -g -O2   conftest.c  >&5
configure:9052:6: warning: incompatible redeclaration of library function 'strstr' [-Wincompatible-library-redeclaration]
char strstr ();
     ^
configure:9052:6: note: 'strstr' is a builtin with type 'char *(const char *, const char *)'
1 warning generated.
configure:9076: $? = 0
configure:9079: test -s conftest
configure:9082: $? = 0
configure:9092: result: yes
configure:9036: checking for strcmp
configure:9073: gcc -o conftest -g -O2   conftest.c  >&5
configure:9052:6: warning: incompatible redeclaration of library function 'strcmp' [-Wincompatible-library-redeclaration]
char strcmp ();
     ^
configure:9052:6: note: 'strcmp' is a builtin with type 'int (const char *, const char *)'
1 warning generated.
configure:9076: $? = 0
configure:9079: test -s conftest
configure:9082: $? = 0
configure:9092: result: yes
configure:9036: checking for strncmp
configure:9073: gcc -o conftest -g -O2   conftest.c  >&5
configure:9052:6: warning: incompatible redeclaration of library function 'strncmp' [-Wincompatible-library-redeclaration]
char strncmp ();
     ^
configure:9052:6: note: 'strncmp' is a builtin with type 'int (const char *, const char *, unsigned long)'
1 warning generated.
configure:9076: $? = 0
configure:9079: test -s conftest
configure:9082: $? = 0
configure:9092: result: yes
configure:9036: checking for strncpy
configure:9073: gcc -o conftest -g -O2   conftest.c  >&5
configure:9052:6: warning: incompatible redeclaration of library function 'strncpy' [-Wincompatible-library-redeclaration]
char strncpy ();
     ^
configure:9052:6: note: 'strncpy' is a builtin with type 'char *(char *, const char *, unsigned long)'
1 warning generated.
configure:9076: $? = 0
configure:9079: test -s conftest
configure:9082: $? = 0
configure:9092: result: yes
configure:9036: checking for strlen
configure:9073: gcc -o conftest -g -O2   conftest.c  >&5
configure:9052:6: warning: incompatible redeclaration of library function 'strlen' [-Wincompatible-library-redeclaration]
char strlen ();
     ^
configure:9052:6: note: 'strlen' is a builtin with type 'unsigned long (const char *)'
1 warning generated.
configure:9076: $? = 0
configure:9079: test -s conftest
configure:9082: $? = 0
configure:9092: result: yes
configure:9105: checking for strncasecmp
configure:9142: gcc -o conftest -g -O2   conftest.c  >&5
configure:9121:6: warning: incompatible redeclaration of library function 'strncasecmp' [-Wincompatible-library-redeclaration]
char strncasecmp ();
     ^
configure:9121:6: note: 'strncasecmp' is a builtin with type 'int (const char *, const char *, unsigned long)'
1 warning generated.
configure:9145: $? = 0
configure:9148: test -s conftest
configure:9151: $? = 0
configure:9161: result: yes
configure:9105: checking for strcasecmp
configure:9142: gcc -o conftest -g -O2   conftest.c  >&5
configure:9121:6: warning: incompatible redeclaration of library function 'strcasecmp' [-Wincompatible-library-redeclaration]
char strcasecmp ();
     ^
configure:9121:6: note: 'strcasecmp' is a builtin with type 'int (const char *, const char *)'
1 warning generated.
configure:9145: $? = 0
configure:9148: test -s conftest
configure:9151: $? = 0
configure:9161: result: yes
configure:9105: checking for strncmp
configure:9161: result: yes
configure:9174: checking for socket
configure:9211: gcc -o conftest -g -O2   conftest.c  >&5
configure:9214: $? = 0
configure:9217: test -s conftest
configure:9220: $? = 0
configure:9230: result: yes
configure:9303: checking for gethostbyname
configure:9340: gcc -o conftest -g -O2   conftest.c  >&5
configure:9343: $? = 0
configure:9346: test -s conftest
configure:9349: $? = 0
configure:9359: result: yes
configure:9432: checking for snprintf
configure:9469: gcc -o conftest -g -O2   conftest.c  >&5
configure:9448:6: warning: incompatible redeclaration of library function 'snprintf' [-Wincompatible-library-redeclaration]
char snprintf ();
     ^
configure:9448:6: note: 'snprintf' is a builtin with type 'int (char *, unsigned long, const char *, ...)'
1 warning generated.
configure:9472: $? = 0
configure:9475: test -s conftest
configure:9478: $? = 0
configure:9488: result: yes
configure:9498: checking for socket in -lsocket
configure:9525: gcc -o conftest -g -O2   conftest.c -lsocket   >&5
ld: library not found for -lsocket
clang: error: linker command failed with exit code 1 (use -v to see invocation)
configure:9528: $? = 1
configure: failed program was:
#line 9506 "configure"
#include "confdefs.h"

/* Override any gcc2 internal prototype to avoid an error.  */
#ifdef __cplusplus
extern "C"
#endif
/* We use char because int might match the return type of a gcc2
   builtin and then its argument prototype would still apply.  */
char socket ();
int
main ()
{
socket ();
  ;
  return 0;
}
configure:9545: result: no
configure:9556: checking for res_query in -lresolv
configure:9583: gcc -o conftest -g -O2   conftest.c -lresolv -lnsl  >&5
ld: library not found for -lnsl
clang: error: linker command failed with exit code 1 (use -v to see invocation)
configure:9586: $? = 1
configure: failed program was:
#line 9564 "configure"
#include "confdefs.h"

/* Override any gcc2 internal prototype to avoid an error.  */
#ifdef __cplusplus
extern "C"
#endif
/* We use char because int might match the return type of a gcc2
   builtin and then its argument prototype would still apply.  */
char res_query ();
int
main ()
{
res_query ();
  ;
  return 0;
}
configure:9603: result: no
configure:9695: creating ./config.status

## ----------------------- ##
## Running config.status.  ##
## ----------------------- ##

This file was extended by config.status 2.52, executed with
  CONFIG_FILES    = 
  CONFIG_HEADERS  = 
  CONFIG_LINKS    = 
  CONFIG_COMMANDS = 
  > ./config.status 
on mks-MacBook-Pro.local

config.status:10200: creating Makefile
config.status:10200: creating src/Makefile
config.status:10200: creating src/Makefile
config.status:10200: creating doc/Makefile
config.status:10200: creating lib/Makefile
config.status:10200: creating lib/joedog/Makefile
config.status:10200: creating include/Makefile
config.status:10200: creating include/joedog/Makefile
config.status:10200: creating utils/Makefile
config.status:10292: creating include/config.h

## ----------------- ##
## Cache variables.  ##
## ----------------- ##

ac_cv_build=i386-apple-darwin14.0.0
ac_cv_build_alias=i386-apple-darwin14.0.0
ac_cv_c_compiler_gnu=yes
ac_cv_c_const=yes
ac_cv_env_CC_set=
ac_cv_env_CC_value=
ac_cv_env_CFLAGS_set=
ac_cv_env_CFLAGS_value=
ac_cv_env_CPPFLAGS_set=
ac_cv_env_CPPFLAGS_value=
ac_cv_env_CPP_set=
ac_cv_env_CPP_value=
ac_cv_env_LDFLAGS_set=
ac_cv_env_LDFLAGS_value=
ac_cv_env_build_alias_set=
ac_cv_env_build_alias_value=
ac_cv_env_host_alias_set=
ac_cv_env_host_alias_value=
ac_cv_env_target_alias_set=
ac_cv_env_target_alias_value=
ac_cv_func_alloca_works=yes
ac_cv_func_gethostbyname=yes
ac_cv_func_memcpy=yes
ac_cv_func_setpgrp_void=yes
ac_cv_func_snprintf=yes
ac_cv_func_socket=yes
ac_cv_func_strcasecmp=yes
ac_cv_func_strchr=yes
ac_cv_func_strcmp=yes
ac_cv_func_strlen=yes
ac_cv_func_strncasecmp=yes
ac_cv_func_strncmp=yes
ac_cv_func_strncpy=yes
ac_cv_func_strstr=yes
ac_cv_header__usr_include_include_openssl_opensslv_h=no
ac_cv_header__usr_include_openssl_opensslv_h=yes
ac_cv_header__usr_include_ssl_include_openssl_opensslv_h=no
ac_cv_header__usr_lib_ssl_include_openssl_opensslv_h=no
ac_cv_header__usr_local_include_openssl_opensslv_h=no
ac_cv_header__usr_local_ssl_include_openssl_opensslv_h=no
ac_cv_header__usr_pkg_include_openssl_opensslv_h=no
ac_cv_header_arpa_inet_h=yes
ac_cv_header_dlfcn_h=yes
ac_cv_header_errno_h=yes
ac_cv_header_fcntl_h=yes
ac_cv_header_inttypes_h=yes
ac_cv_header_memory_h=yes
ac_cv_header_netdb_h=yes
ac_cv_header_netinet_in_h=yes
ac_cv_header_off_include_openssl_opensslv_h=no
ac_cv_header_setjmp_h=yes
ac_cv_header_signal_h=yes
ac_cv_header_stdarg_h=yes
ac_cv_header_stdc=yes
ac_cv_header_stdint_h=yes
ac_cv_header_stdlib_h=yes
ac_cv_header_string_h=yes
ac_cv_header_strings_h=yes
ac_cv_header_sys_ipc_h=yes
ac_cv_header_sys_resource_h=yes
ac_cv_header_sys_select_h=yes
ac_cv_header_sys_socket_h=yes
ac_cv_header_sys_stat_h=yes
ac_cv_header_sys_time_h=yes
ac_cv_header_sys_times_h=yes
ac_cv_header_sys_types_h=yes
ac_cv_header_sys_wait_h=yes
ac_cv_header_time=yes
ac_cv_header_unistd_h=yes
ac_cv_host=i386-apple-darwin14.0.0
ac_cv_host_alias=i386-apple-darwin14.0.0
ac_cv_lib_resolv_res_query=no
ac_cv_lib_socket_socket=no
ac_cv_objext=o
ac_cv_path_install='/usr/bin/install -c'
ac_cv_path_shell=/bin/sh
ac_cv_prog_AWK=awk
ac_cv_prog_CPP='gcc -E'
ac_cv_prog_ac_ct_CC=gcc
ac_cv_prog_ac_ct_RANLIB=ranlib
ac_cv_prog_ac_ct_STRIP=strip
ac_cv_prog_cc_g=yes
ac_cv_prog_cc_stdc=
ac_cv_prog_make_make_set=yes
ac_cv_type_signal=void
ac_cv_type_size_t=yes
ac_cv_working_alloca_h=yes
am_cv_CC_dependencies_compiler_type=none
lt_cv_compiler_c_o=yes
lt_cv_compiler_o_lo=yes
lt_cv_deplibs_check_method='file_magic Mach-O dynamically linked shared library'
lt_cv_file_magic_cmd='/usr/bin/file -L'
lt_cv_file_magic_test_file=/usr/lib/libSystem.dylib
lt_cv_global_symbol_to_c_name_address='sed -n -e '\''s/^: \([^ ]*\) $/  {\"\1\", (lt_ptr) 0},/p'\'' -e '\''s/^[BCDEGRST] \([^ ]*\) \([^ ]*\)$/  {"\2", (lt_ptr) \&\2},/p'\'''
lt_cv_global_symbol_to_cdecl='sed -n -e '\''s/^. .* \(.*\)$/extern char \1;/p'\'''
lt_cv_ld_reload_flag=-r
lt_cv_path_LD=/Library/Developer/CommandLineTools/usr/bin/ld
lt_cv_path_NM=/usr/bin/nm
lt_cv_prog_cc_can_build_shared=yes
lt_cv_prog_cc_no_builtin=
lt_cv_prog_cc_pic=' -fno-common'
lt_cv_prog_cc_pic_works=yes
lt_cv_prog_cc_shlib=
lt_cv_prog_cc_static=
lt_cv_prog_cc_static_works=no
lt_cv_prog_cc_wl=-Wl,
lt_cv_prog_gnu_ld=no
lt_cv_sys_global_symbol_pipe='sed -n -e '\''s/^.*[ 	]\([BCDEGRST][BCDEGRST]*\)[ 	][ 	]*\(_\)\([_A-Za-z][_A-Za-z0-9]*\)$/\1 \2\3 \3/p'\'''
lt_cv_sys_path_separator=:

## ------------ ##
## confdefs.h.  ##
## ------------ ##

#define PACKAGE "scout"
#define VERSION "0.86"
#define HAVE_DLFCN_H 1
#define HAVE_SSL 1
#define STDC_HEADERS 1
#define HAVE_SYS_WAIT_H 1
#define HAVE_FCNTL_H 1
#define HAVE_UNISTD_H 1
#define HAVE_SIGNAL_H 1
#define HAVE_STDARG_H 1
#define HAVE_SETJMP_H 1
#define HAVE_SYS_SOCKET_H 1
#define HAVE_SYS_SELECT_H 1
#define HAVE_NETDB_H 1
#define HAVE_SYS_TIME_H 1
#define HAVE_SYS_TIMES_H 1
#define HAVE_SYS_TYPES_H 1
#define HAVE_SYS_RESOURCE_H 1
#define HAVE_SYS_IPC_H 1
#define HAVE_ERRNO_H 1
#define HAVE_ARPA_INET_H 1
#define HAVE_NETINET_IN_H 1
#define HAVE_NETDB_H 1
#define HAVE_SYS_TYPES_H 1
#define HAVE_SYS_STAT_H 1
#define HAVE_STDLIB_H 1
#define HAVE_STRING_H 1
#define HAVE_MEMORY_H 1
#define HAVE_STRINGS_H 1
#define HAVE_INTTYPES_H 1
#define HAVE_STDINT_H 1
#define HAVE_UNISTD_H 1
#define TIME_WITH_SYS_TIME 1
#define RETSIGTYPE void
#define HAVE_ALLOCA_H 1
#define HAVE_ALLOCA 1
#define SETPGRP_VOID 1
#define HAVE_STRCHR 1
#define HAVE_MEMCPY 1
#define HAVE_STRSTR 1
#define HAVE_STRCMP 1
#define HAVE_STRNCMP 1
#define HAVE_STRNCPY 1
#define HAVE_STRLEN 1
#define HAVE_STRNCASECMP 1
#define HAVE_STRCASECMP 1
#define HAVE_STRNCMP 1
#define HAVE_SOCKET 1
#define HAVE_GETHOSTBYNAME 1
#define HAVE_SNPRINTF 1


configure: exit 0

## ----------------------- ##
## Running config.status.  ##
## ----------------------- ##

This file was extended by config.status 2.52, executed with
  CONFIG_FILES    = 
  CONFIG_HEADERS  = include/config.h
  CONFIG_LINKS    = 
  CONFIG_COMMANDS = 
  > ./config.status 
on mks-MacBook-Pro.local

config.status:10292: creating include/config.h
config.status:10433: include/config.h is unchanged
